# JRE version: OpenJDK Runtime Environment (21.0.10) (build 21.0.10+-14961533-b1163.108)
# Java VM: OpenJDK 64-Bit Server VM (21.0.10+-14961533-b1163.108, mixed mode, tiered, compressed oops, compressed class ptrs, g1 gc, windows-amd64)
GC Precious Log:
 CardTable entry size: 512
 Card Set container configuration: InlinePtr #cards 4 size 8 Array Of Cards #cards 16 size 48 Howl #buckets 8 coarsen threshold 3686 Howl Bitmap #cards 512 size 80 coarsen threshold 460 Card regions per heap region 1 cards per card region 4096
 CPUs: 8 total, 8 available
 Memory: 16050M
 Large Page Support: Disabled
 NUMA Support: Disabled
 Compressed Oops: Enabled (Zero based)
 Heap Region Size: 2M
 Heap Min Capacity: 8M
 Heap Initial Capacity: 252M
 Heap Max Capacity: 4G
 Pre-touch: Disabled
 Parallel Workers: 8
 Concurrent Workers: 2
 Concurrent Refinement Workers: 8
 Periodic GC: Disabled
Heap:
 garbage-first heap   total 638976K, used 261321K [0x0000000700000000, 0x0000000800000000)
  region size 2048K, 12 young (24576K), 4 survivors (8192K)
 Metaspace       used 169275K, committed 171904K, reserved 1245184K
  class space    used 22987K, committed 24256K, reserved 1048576K
GC Heap History (20 events):
Event: 106.814 GC heap before
{Heap before GC invocations=56 (full 0):
 garbage-first heap   total 264192K, used 236121K [0x0000000700000000, 0x0000000800000000)
  region size 2048K, 42 young (86016K), 2 survivors (4096K)
 Metaspace       used 140372K, committed 142784K, reserved 1179648K
  class space    used 19687K, committed 20864K, reserved 1048576K
}
Event: 106.823 GC heap after
{Heap after GC invocations=57 (full 0):
 garbage-first heap   total 264192K, used 157551K [0x0000000700000000, 0x0000000800000000)
  region size 2048K, 3 young (6144K), 3 survivors (6144K)
 Metaspace       used 140372K, committed 142784K, reserved 1179648K
  class space    used 19687K, committed 20864K, reserved 1048576K
}
Event: 109.497 GC heap before
{Heap before GC invocations=57 (full 0):
 garbage-first heap   total 264192K, used 239471K [0x0000000700000000, 0x0000000800000000)
  region size 2048K, 45 young (92160K), 3 survivors (6144K)
 Metaspace       used 140910K, committed 143296K, reserved 1179648K
  class space    used 19734K, committed 20864K, reserved 1048576K
}
Event: 109.509 GC heap after
{Heap after GC invocations=58 (full 0):
 garbage-first heap   total 264192K, used 161915K [0x0000000700000000, 0x0000000800000000)
  region size 2048K, 5 young (10240K), 5 survivors (10240K)
 Metaspace       used 140910K, committed 143296K, reserved 1179648K
  class space    used 19734K, committed 20864K, reserved 1048576K
}
Event: 115.126 GC heap before
{Heap before GC invocations=59 (full 0):
 garbage-first heap   total 274432K, used 241787K [0x0000000700000000, 0x0000000800000000)
  region size 2048K, 45 young (92160K), 5 survivors (10240K)
 Metaspace       used 144392K, committed 146816K, reserved 1179648K
  class space    used 20134K, committed 21312K, reserved 1048576K
}
Event: 115.142 GC heap after
{Heap after GC invocations=60 (full 0):
 garbage-first heap   total 274432K, used 167005K [0x0000000700000000, 0x0000000800000000)
  region size 2048K, 5 young (10240K), 5 survivors (10240K)
 Metaspace       used 144392K, committed 146816K, reserved 1179648K
  class space    used 20134K, committed 21312K, reserved 1048576K
}
Event: 116.231 GC heap before
{Heap before GC invocations=60 (full 0):
 garbage-first heap   total 378880K, used 375901K [0x0000000700000000, 0x0000000800000000)
  region size 2048K, 21 young (43008K), 5 survivors (10240K)
 Metaspace       used 145524K, committed 147904K, reserved 1179648K
  class space    used 20297K, committed 21440K, reserved 1048576K
}
Event: 116.246 GC heap after
{Heap after GC invocations=61 (full 0):
 garbage-first heap   total 393216K, used 166386K [0x0000000700000000, 0x0000000800000000)
  region size 2048K, 3 young (6144K), 3 survivors (6144K)
 Metaspace       used 145524K, committed 147904K, reserved 1179648K
  class space    used 20297K, committed 21440K, reserved 1048576K
}
Event: 1585.506 GC heap before
{Heap before GC invocations=61 (full 0):
 garbage-first heap   total 393216K, used 350706K [0x0000000700000000, 0x0000000800000000)
  region size 2048K, 94 young (192512K), 3 survivors (6144K)
 Metaspace       used 147035K, committed 149504K, reserved 1179648K
  class space    used 20469K, committed 21696K, reserved 1048576K
}
Event: 1585.565 GC heap after
{Heap after GC invocations=62 (full 0):
 garbage-first heap   total 393216K, used 176626K [0x0000000700000000, 0x0000000800000000)
  region size 2048K, 8 young (16384K), 8 survivors (16384K)
 Metaspace       used 147035K, committed 149504K, reserved 1179648K
  class space    used 20469K, committed 21696K, reserved 1048576K
}
Event: 1620.097 GC heap before
{Heap before GC invocations=62 (full 0):
 garbage-first heap   total 393216K, used 360946K [0x0000000700000000, 0x0000000800000000)
  region size 2048K, 98 young (200704K), 8 survivors (16384K)
 Metaspace       used 147767K, committed 150272K, reserved 1179648K
  class space    used 20476K, committed 21696K, reserved 1048576K
}
Event: 1620.138 GC heap after
{Heap after GC invocations=63 (full 0):
 garbage-first heap   total 397312K, used 195606K [0x0000000700000000, 0x0000000800000000)
  region size 2048K, 13 young (26624K), 13 survivors (26624K)
 Metaspace       used 147767K, committed 150272K, reserved 1179648K
  class space    used 20476K, committed 21696K, reserved 1048576K
}
Event: 1623.232 GC heap before
{Heap before GC invocations=63 (full 0):
 garbage-first heap   total 397312K, used 261142K [0x0000000700000000, 0x0000000800000000)
  region size 2048K, 47 young (96256K), 13 survivors (26624K)
 Metaspace       used 148064K, committed 150592K, reserved 1179648K
  class space    used 20477K, committed 21696K, reserved 1048576K
}
Event: 1623.260 GC heap after
{Heap after GC invocations=64 (full 0):
 garbage-first heap   total 397312K, used 202176K [0x0000000700000000, 0x0000000800000000)
  region size 2048K, 3 young (6144K), 3 survivors (6144K)
 Metaspace       used 148064K, committed 150592K, reserved 1179648K
  class space    used 20477K, committed 21696K, reserved 1048576K
}
Event: 2205.930 GC heap before
{Heap before GC invocations=65 (full 0):
 garbage-first heap   total 638976K, used 536000K [0x0000000700000000, 0x0000000800000000)
  region size 2048K, 80 young (163840K), 3 survivors (6144K)
 Metaspace       used 148352K, committed 150784K, reserved 1179648K
  class space    used 20482K, committed 21696K, reserved 1048576K
}
Event: 2205.958 GC heap after
{Heap after GC invocations=66 (full 0):
 garbage-first heap   total 638976K, used 210568K [0x0000000700000000, 0x0000000800000000)
  region size 2048K, 7 young (14336K), 7 survivors (14336K)
 Metaspace       used 148352K, committed 150784K, reserved 1179648K
  class space    used 20482K, committed 21696K, reserved 1048576K
}
Event: 2249.555 GC heap before
{Heap before GC invocations=66 (full 0):
 garbage-first heap   total 638976K, used 562824K [0x0000000700000000, 0x0000000800000000)
  region size 2048K, 177 young (362496K), 7 survivors (14336K)
 Metaspace       used 166113K, committed 168704K, reserved 1245184K
  class space    used 22618K, committed 23872K, reserved 1048576K
}
Event: 2249.606 GC heap after
{Heap after GC invocations=67 (full 0):
 garbage-first heap   total 638976K, used 238621K [0x0000000700000000, 0x0000000800000000)
  region size 2048K, 20 young (40960K), 20 survivors (40960K)
 Metaspace       used 166113K, committed 168704K, reserved 1245184K
  class space    used 22618K, committed 23872K, reserved 1048576K
}
Event: 2250.800 GC heap before
{Heap before GC invocations=67 (full 0):
 garbage-first heap   total 638976K, used 293917K [0x0000000700000000, 0x0000000800000000)
  region size 2048K, 49 young (100352K), 20 survivors (40960K)
 Metaspace       used 168876K, committed 171456K, reserved 1245184K
  class space    used 22930K, committed 24192K, reserved 1048576K
}
Event: 2250.844 GC heap after
{Heap after GC invocations=68 (full 0):
 garbage-first heap   total 638976K, used 240841K [0x0000000700000000, 0x0000000800000000)
  region size 2048K, 4 young (8192K), 4 survivors (8192K)
 Metaspace       used 168876K, committed 171456K, reserved 1245184K
  class space    used 22930K, committed 24192K, reserved 1048576K
}

